     1 00000000                                 ; hello-os
     2 00000000                                 
     3  = 0000000A                                  CYLS EQU 10
     4                                              ORG 0x7c00
     5 00007C00                                 
     6 00007C00 EB 4F                               JMP entry
     7 00007C02 90                                  DB 0x90
     8 00007C03 48 41 52 49 42 4F 54 45             DB "HARIBOTE"
     9 00007C0B 0200                                DW 512
    10 00007C0D 01                                  DB 1
    11 00007C0E 0001                                DW 1
    12 00007C10 02                                  DB 2
    13 00007C11 00E0                                DW 224
    14 00007C13 0B40                                DW 2880
    15 00007C15 F0                                  DB 0xf0
    16 00007C16 0009                                DW 9
    17 00007C18 0012                                DW 18
    18 00007C1A 0002                                DW 2
    19 00007C1C 00000000                            DD 0
    20 00007C20 00000B40                            DD 2880
    21 00007C24 00 00 29                            DB 0,0,0x29
    22 00007C27 FFFFFFFF                            DD 0xffffffff
    23 00007C2B 48 41 52 49 42 4F 54 45 4F 53       DB "HARIBOTEOS "
       00007C35 20 
    24 00007C36 46 41 54 31 32 20 20 20 20          DB "FAT12    "
    25 00007C3F 00 00 00 00 00 00 00 00 00 00       RESB 18
       00007C49 00 00 00 00 00 00 00 00 
    26 00007C51                                 entry:
    27 00007C51 B8 0000                             MOV AX,0
    28 00007C54 8E D0                               MOV SS,AX
    29 00007C56 BC 7C00                             MOV SP,0x7c00
    30 00007C59 8E D8                               MOV DS,AX
    31 00007C5B 8E C0                               MOV ES,AX
    32 00007C5D                                 
    33 00007C5D B8 0820                             MOV AX,0x0820
    34 00007C60 8E C0                               MOV ES,AX
    35 00007C62 B5 00                               MOV CH,0
    36 00007C64 B6 00                               MOV DH,0
    37 00007C66 B1 02                               MOV CL,2
    38 00007C68                                 readloop:
    39 00007C68 BE 0000                             MOV SI,0
    40 00007C6B                                 retry:
    41 00007C6B B4 02                               MOV AH,0x02
    42 00007C6D B0 01                               MOV AL,1
    43 00007C6F BB 0000                             MOV BX,0
    44 00007C72 B2 00                               MOV DL,0x00
    45 00007C74 CD 13                               INT 0x13
    46 00007C76 73 10                               JNC next
    47 00007C78 83 C6 01                            ADD SI,1
    48 00007C7B 83 FE 05                            CMP SI,5
    49 00007C7E 73 32                               JAE error
    50 00007C80 B4 00                               MOV AH,0x00
    51 00007C82 B2 00                               MOV DL,0x00
    52 00007C84 CD 13                               INT 0x13
    53 00007C86 EB E3                               JMP retry
    54 00007C88                                 next:
    55 00007C88 8C C0                               MOV AX,ES
    56 00007C8A 05 0020                             ADD AX,0x0020
    57 00007C8D 8E C0                               MOV ES,AX
    58 00007C8F 80 C1 01                            ADD CL,1
    59 00007C92 80 F9 12                            CMP CL,18
    60 00007C95 76 D1                               JBE readloop
    61 00007C97 B1 01                               MOV CL,1
    62 00007C99 80 C6 01                            ADD DH,1
    63 00007C9C 80 FE 02                        	CMP	DH,2
    64 00007C9F 72 C7                           	JB	readloop
    65 00007CA1 B6 00                           	MOV	DH,0
    66 00007CA3 80 C5 01                        	ADD	CH,1
    67 00007CA6 80 FD 0A                        	CMP	CH,CYLS
    68 00007CA9 72 BD                               JB	readloop
    69 00007CAB                                 
    70 00007CAB 88 2E 0FF0                          MOV [0x0ff0],CH
    71 00007CAF E9 454E                             JMP 0xc200
    72 00007CB2                                 error:
    73 00007CB2 BE 7CCA                             MOV SI,msg
    74 00007CB5                                 putloop:
    75 00007CB5 8A 04                               MOV AL,[SI]
    76 00007CB7 83 C6 01                            ADD SI,1
    77 00007CBA 3C 00                               CMP AL,0
    78 00007CBC 74 09                               JE fin
    79 00007CBE B4 0E                               MOV AH,0x0e
    80 00007CC0 BB 000F                             MOV BX,15
    81 00007CC3 CD 10                               INT 0x10
    82 00007CC5 EB EE                               JMP putloop
    83 00007CC7                                 fin:
    84 00007CC7 F4                                  HLT
    85 00007CC8 EB FD                               JMP fin
    86 00007CCA                                 msg:
    87 00007CCA 0A 0A                               DB 0x0a,0x0a
    88 00007CCC 6C 6F 61 64 20 65 72 72 6F 72       DB "load error"
    89 00007CD6 0A                                  DB 0x0a
    90 00007CD7 00                                  DB 0
    91 00007CD8                                 
    92 00007CD8 00 00 00 00 00 00 00 00 00 00       RESB 0x7dfe-$
       00007CE2 00 00 00 00 00 00 00 00 00 00 
       00007CEC 00 00 00 00 00 00 00 00 00 00 
       00007CF6 00 00 00 00 00 00 00 00 00 00 
       00007D00 00 00 00 00 00 00 00 00 00 00 
       00007D0A 00 00 00 00 00 00 00 00 00 00 
       00007D14 00 00 00 00 00 00 00 00 00 00 
       00007D1E 00 00 00 00 00 00 00 00 00 00 
       00007D28 00 00 00 00 00 00 00 00 00 00 
       00007D32 00 00 00 00 00 00 00 00 00 00 
       00007D3C 00 00 00 00 00 00 00 00 00 00 
       00007D46 00 00 00 00 00 00 00 00 00 00 
       00007D50 00 00 00 00 00 00 00 00 00 00 
       00007D5A 00 00 00 00 00 00 00 00 00 00 
       00007D64 00 00 00 00 00 00 00 00 00 00 
       00007D6E 00 00 00 00 00 00 00 00 00 00 
       00007D78 00 00 00 00 00 00 00 00 00 00 
       00007D82 00 00 00 00 00 00 00 00 00 00 
       00007D8C 00 00 00 00 00 00 00 00 00 00 
       00007D96 00 00 00 00 00 00 00 00 00 00 
       00007DA0 00 00 00 00 00 00 00 00 00 00 
       00007DAA 00 00 00 00 00 00 00 00 00 00 
       00007DB4 00 00 00 00 00 00 00 00 00 00 
       00007DBE 00 00 00 00 00 00 00 00 00 00 
       00007DC8 00 00 00 00 00 00 00 00 00 00 
       00007DD2 00 00 00 00 00 00 00 00 00 00 
       00007DDC 00 00 00 00 00 00 00 00 00 00 
       00007DE6 00 00 00 00 00 00 00 00 00 00 
       00007DF0 00 00 00 00 00 00 00 00 00 00 
       00007DFA 00 00 00 00 
    93 00007DFE                                 
    94 00007DFE 55 AA                               DB 0x55,0xaa
